

###############################################################
Baseline Automation Tool Starting now...
Test Variation-1	warmstart.py -t mb12 -n 0
Test Variation-2	wsfv.py -t mb12 -n 1
Test Variation-3	wsreinit.py -t mb12 -n 1
Test Variation-4	haFastload.py -t mb12
Test Variation-5	fenceHA.py -t mb12 -c cpssfc010
Test Variation-6	fenceDA.py -t mb12 -c iss002
Test Variation-7	qrcec.py -t mb12 -n 1
Test Variation-8	qrvraDA.py -t mb12 -c vra026
Test Variation-9	fencevraDA.py -t mb12 -c vra037
Test Variation-10	fofb.py -t mb12 -n 0
Test Variation-11	dscliEssni.py -t mb12
###############################################################



###############################################################
Testing case-1 'warmstart.py -t mb12 -n 0'
###############################################################



###############################################################
Test case-1 'warmstart.py -t mb12 -n 0' passed
###############################################################



###############################################################
Test case-1 Starting Time:2017-02-15 19:49:10.102889; Ending Time:2017-02-15 19:50:13.964998;Duration Time:0:01:03.862109
###############################################################



###############################################################
Sleep for 5 minutes...
###############################################################



###############################################################
Testing case-2 'wsfv.py -t mb12 -n 1'
###############################################################



###############################################################
Test case-2 'wsfv.py -t mb12 -n 1' passed
###############################################################



###############################################################
Test case-2 Starting Time:2017-02-15 19:55:13.966589; Ending Time:2017-02-15 19:56:15.808929;Duration Time:0:01:01.842340
###############################################################



###############################################################
Sleep for 5 minutes...
###############################################################



###############################################################
Testing case-3 'wsreinit.py -t mb12 -n 1'
###############################################################



###############################################################
Test case-3 'wsreinit.py -t mb12 -n 1' passed
###############################################################



###############################################################
Test case-3 Starting Time:2017-02-15 20:01:15.809508; Ending Time:2017-02-15 20:02:17.669007;Duration Time:0:01:01.859499
###############################################################



###############################################################
Sleep for 5 minutes...
###############################################################



###############################################################
Testing case-4 'haFastload.py -t mb12'
###############################################################



###############################################################
Test case-4 'haFastload.py -t mb12' passed
###############################################################



###############################################################
Test case-4 Starting Time:2017-02-15 20:07:17.669583; Ending Time:2017-02-15 20:11:27.146346;Duration Time:0:04:09.476763
###############################################################



###############################################################
Sleep for 5 minutes...
###############################################################



###############################################################
Testing case-5 'fenceHA.py -t mb12 -c cpssfc010'
###############################################################



###############################################################
Test case-5 'fenceHA.py -t mb12 -c cpssfc010' passed
###############################################################



###############################################################
Test case-5 Starting Time:2017-02-15 20:16:27.147977; Ending Time:2017-02-15 20:31:47.744144;Duration Time:0:15:20.596167
###############################################################



###############################################################
Sleep for 5 minutes...
###############################################################



###############################################################
Testing case-6 'fenceDA.py -t mb12 -c iss002'
###############################################################



###############################################################
Test case-6 'fenceDA.py -t mb12 -c iss002' passed
###############################################################



###############################################################
Test case-6 Starting Time:2017-02-15 20:36:47.745676; Ending Time:2017-02-15 20:54:47.769985;Duration Time:0:18:00.024309
###############################################################



###############################################################
Sleep for 5 minutes...
###############################################################



###############################################################
Testing case-7 'qrcec.py -t mb12 -n 1'
###############################################################



###############################################################
Test case-7 'qrcec.py -t mb12 -n 1' passed
###############################################################



###############################################################
Test case-7 Starting Time:2017-02-15 20:59:47.771570; Ending Time:2017-02-15 21:45:52.227439;Duration Time:0:46:04.455869
###############################################################



###############################################################
Sleep for 5 minutes...
###############################################################



###############################################################
Testing case-8 'qrvraDA.py -t mb12 -c vra026'
###############################################################



###############################################################
Test case-8 'qrvraDA.py -t mb12 -c vra026' passed
###############################################################



###############################################################
Test case-8 Starting Time:2017-02-15 21:50:52.229046; Ending Time:2017-02-15 22:07:25.822342;Duration Time:0:16:33.593296
###############################################################



###############################################################
Sleep for 5 minutes...
###############################################################



###############################################################
Testing case-9 'fencevraDA.py -t mb12 -c vra037'
###############################################################



###############################################################
Test case-9 'fencevraDA.py -t mb12 -c vra037' passed
###############################################################



###############################################################
Test case-9 Starting Time:2017-02-15 22:12:25.822836; Ending Time:2017-02-15 22:30:59.224607;Duration Time:0:18:33.401771
###############################################################



###############################################################
Sleep for 5 minutes...
###############################################################



###############################################################
Testing case-10 'fofb.py -t mb12 -n 0'
###############################################################



###############################################################
Test case-10 'fofb.py -t mb12 -n 0' passed
###############################################################



###############################################################
Test case-10 Starting Time:2017-02-15 22:35:59.226208; Ending Time:2017-02-15 23:06:00.372519;Duration Time:0:30:01.146311
###############################################################



###############################################################
Sleep for 5 minutes...
###############################################################



###############################################################
Testing case-11 'dscliEssni.py -t mb12'
###############################################################



###############################################################
Test case-11 'dscliEssni.py -t mb12' passed
###############################################################



###############################################################
Test case-11 Starting Time:2017-02-15 23:11:00.373118; Ending Time:2017-02-15 23:15:04.421414;Duration Time:0:04:04.048296
###############################################################



###############################################################
Sleep for 5 minutes...
###############################################################



###############################################################
11 test variations all passed
###############################################################



###############################################################
Test bucket Starting Time:2017-02-15 19:49:10.091525; Ending Time:2017-02-15 23:20:04.423028;Duration Time:3:30:54.331503
###############################################################

