

*****************************************************************
Connecting to mb12h.tuc.stglabs.ibm.com,port 12301
*****************************************************************



*****************************************************************
Telnet to mb12h.tuc.stglabs.ibm.com successfully!
*****************************************************************



*****************************************************************
Check DS8K machine status before starting test
*****************************************************************



*****************************************************************
Executing command: cat /dev/cpss0/status/opmode
*****************************************************************

SF75KX510ESS01 # date; cat /dev/cpss0/status/opmode
Wed Feb 15 22:42:17 MST 2017

  CurEnv = Dual Cluster Operational
  PreEnv = Dual Cluster Operational
  LocPhase = 0x2A00
  RemPhase = 0x2A00

SF75KX510ESS01 # 


*****************************************************************
Machine status of mb12h.tuc.stglabs.ibm.com is good
*****************************************************************



*****************************************************************
Executing command: getdebug crashremote
*****************************************************************

SF75KX510ESS01 # date; getdebug crashremote
Wed Feb 15 22:42:17 MST 2017
SF75KX510ESS01 # 


*****************************************************************
sleep for 30 minutes, please wait...
*****************************************************************



*****************************************************************
Check DS8K machine status after test completed
*****************************************************************



*****************************************************************
Executing command: cat /dev/cpss0/status/opmode
*****************************************************************

SF75KX510ESS01 # date; cat /dev/cpss0/status/opmode
Wed Feb 15 23:12:17 MST 2017

  CurEnv = Dual Cluster Operational
  PreEnv = Dual Cluster Operational
  LocPhase = 0x1A00
  RemPhase = 0x1A00

SF75KX510ESS01 # 


*****************************************************************
Machine status of mb12h.tuc.stglabs.ibm.com is good
*****************************************************************



*****************************************************************
Test Passed!
*****************************************************************

