

*****************************************************************
Connecting to mb12h.tuc.stglabs.ibm.com,port 12311
*****************************************************************



*****************************************************************
Telnet to mb12h.tuc.stglabs.ibm.com successfully!
*****************************************************************



*****************************************************************
Check DS8K machine status before starting test
*****************************************************************



*****************************************************************
Executing command: cat /dev/cpss0/status/opmode
*****************************************************************

SF75KX510ESS11 # date; cat /dev/cpss0/status/opmode
Wed Feb 15 21:06:05 MST 2017

  CurEnv = Dual Cluster Operational
  PreEnv = Dual Cluster Operational
  LocPhase = 0x2A00
  RemPhase = 0x2A00

SF75KX510ESS11 # 


*****************************************************************
Machine status of mb12h.tuc.stglabs.ibm.com is good
*****************************************************************



*****************************************************************
Executing command: /CPSS/testdaemon -l cpserver0 -2
*****************************************************************

SF75KX510ESS11 # date;/CPSS/testdaemon -l cpserver0 -2
Wed Feb 15 21:06:06 MST 2017
Wed Feb 15 21:06:06 2017
 size of ras ioctl buffer 14424
 max size of ras ioctl buffer 15360
response information: 0 0 0
Done with DAEMON TEST
Wed Feb 15 21:06:17 2017
SF75KX510ESS11 # 


*****************************************************************
Quiesce CEC0 executed sucessfully!
*****************************************************************



*****************************************************************
sleep for 10 seconds, please wait...
*****************************************************************



*****************************************************************
Executing command: cat /dev/cpss0/status/cpserver0
*****************************************************************

SF75KX510ESS11 # date;cat /dev/cpss0/status/cpserver0
Wed Feb 15 21:06:27 MST 2017

OWNED_NODE0
INSTALLED_NODE0
INSTALLED_NODE1
SERVICE_MODE




SF75KX510ESS11 # 


*****************************************************************
CEC0 is in service mode after quiesce
*****************************************************************



*****************************************************************
sleep for 5 minutes, please wait...
*****************************************************************



*****************************************************************
Executing command: /CPSS/testdaemon -l cpserver0 -3
*****************************************************************

SF75KX510ESS11 # date;/CPSS/testdaemon -l cpserver0 -3
Wed Feb 15 21:11:27 MST 2017
Wed Feb 15 21:11:27 2017
 size of ras ioctl buffer 14424
 max size of ras ioctl buffer 15360
response information: 0 0 0
Done with DAEMON TEST
Wed Feb 15 21:22:09 2017
SF75KX510ESS11 # 


*****************************************************************
CEC0 resumed sucessfully!
*****************************************************************



*****************************************************************
sleep for 30 minutes, please wait...
*****************************************************************



*****************************************************************
Check DS8K machine status after test completed
*****************************************************************



*****************************************************************
Executing command: cat /dev/cpss0/status/opmode
*****************************************************************

SF75KX510ESS11 # date; cat /dev/cpss0/status/opmode
Wed Feb 15 21:52:09 MST 2017

  CurEnv = Dual Cluster Operational
  PreEnv = Dual Cluster Operational
  LocPhase = 0x1A00
  RemPhase = 0x1A00

SF75KX510ESS11 # 


*****************************************************************
Machine status of mb12h.tuc.stglabs.ibm.com is good
*****************************************************************



*****************************************************************
Test Passed!
*****************************************************************

